<?xml version="1.0" encoding="UTF-8" ?>
<testsuite tests="4" failures="0" name="TestSuite" time="9.158" errors="0" skipped="0">
  <properties>
[...]
</properties>
  <testcase classname="com.keke84.cases.LoginTest" name="testLoginTrue" time="4.976"/>
  <testcase classname="com.keke84.cases.LoginTest" name="testLoginFalse" time="0.067"/>
  <testcase classname="com.keke84.cases.UpdateUserInfoTest" name="testUpdateUserInfo" time="0.443"/>
  <testcase classname="com.keke84.cases.UpdateUserInfoTest" name="testDeleteUserInfo" time="0.443"/>
</testsuite>