<?xml version="1.0" encoding="UTF-8"?>
<!-- Generated by org.testng.reporters.JUnitXMLReporter -->
<testsuite hostname="DESKTOP-F865ED8" ignored="0" name="用户管理系统测试用例" tests="4" failures="0" timestamp="12 四月 2021 07:12:31 GMT" time="6.412" errors="0">
  <testcase name="testLoginTrue" time="4.976" classname="com.keke84.cases.LoginTest"/>
  <testcase name="testLoginFalse" time="0.067" classname="com.keke84.cases.LoginTest"/>
  <testcase name="testUpdateUserInfo" time="0.443" classname="com.keke84.cases.UpdateUserInfoTest"/>
  <testcase name="testDeleteUserInfo" time="0.442" classname="com.keke84.cases.UpdateUserInfoTest"/>
</testsuite> <!-- 用户管理系统测试用例 -->
